<?xml version="1.0"?>
<!DOCTYPE coverage SYSTEM "http://cobertura.sourceforge.net/xml/coverage-04.dtd">

<coverage line-rate="0.75" branch-rate="1.0" lines-covered="3" lines-valid="4" branches-covered="0" branches-valid="0" complexity="1.0" version="2.0.3" timestamp="1592511274369">
	<sources>
		<source>C:/Users/Uma/Documents/NetBeansProjects/Cob/src/main/java</source>
		<source>--source</source>
	</sources>
	<packages>
		<package name="com.itexps" line-rate="0.75" branch-rate="1.0" complexity="1.0">
			<classes>
				<class name="com.itexps.Tot" filename="com/itexps/Tot.java" line-rate="0.75" branch-rate="1.0" complexity="1.0">
					<methods>
						<method name="&lt;init&gt;" signature="()V" line-rate="1.0" branch-rate="1.0">
							<lines>
								<line number="12" hits="2" branch="false"/>
							</lines>
						</method>
						<method name="add" signature="(II)I" line-rate="1.0" branch-rate="1.0">
							<lines>
								<line number="14" hits="1" branch="false"/>
							</lines>
						</method>
						<method name="div" signature="(II)I" line-rate="0.0" branch-rate="1.0">
							<lines>
								<line number="22" hits="0" branch="false"/>
							</lines>
						</method>
						<method name="mul" signature="(II)I" line-rate="1.0" branch-rate="1.0">
							<lines>
								<line number="18" hits="1" branch="false"/>
							</lines>
						</method>
					</methods>
					<lines>
						<line number="12" hits="2" branch="false"/>
						<line number="14" hits="1" branch="false"/>
						<line number="18" hits="1" branch="false"/>
						<line number="22" hits="0" branch="false"/>
					</lines>
				</class>
			</classes>
		</package>
	</packages>
</coverage>
